<?xml version="1.0" encoding="UTF-8"?>
<testng-results ignored="0" total="1" passed="1" failed="0" skipped="0">
  <reporter-output>
  </reporter-output>
  <suite started-at="2024-10-19T19:07:28 IST" name="Default suite" finished-at="2024-10-19T19:08:16 IST" duration-ms="48294">
    <groups>
    </groups>
    <test started-at="2024-10-19T19:07:28 IST" name="Default test" finished-at="2024-10-19T19:08:16 IST" duration-ms="48294">
      <class name="testclass.test">
        <test-method is-config="true" signature="setup()[pri:0, instance:testclass.test@544820b7]" started-at="2024-10-19T19:07:28 IST" name="setup" finished-at="2024-10-19T19:07:37 IST" duration-ms="9386" status="PASS">
          <reporter-output>
          </reporter-output>
        </test-method> <!-- setup -->
        <test-method signature="me()[pri:0, instance:testclass.test@544820b7]" started-at="2024-10-19T19:07:37 IST" name="me" finished-at="2024-10-19T19:08:16 IST" duration-ms="38622" status="PASS">
          <reporter-output>
          </reporter-output>
        </test-method> <!-- me -->
        <test-method is-config="true" signature="Teardown()[pri:0, instance:testclass.test@544820b7]" started-at="2024-10-19T19:08:16 IST" name="Teardown" finished-at="2024-10-19T19:08:16 IST" duration-ms="254" status="PASS">
          <reporter-output>
          </reporter-output>
        </test-method> <!-- Teardown -->
      </class> <!-- testclass.test -->
    </test> <!-- Default test -->
  </suite> <!-- Default suite -->
</testng-results>
